[2020-10-24 22:17:07] local.ERROR: View [welcome] not found. {"exception":"[object] (InvalidArgumentException(code: 0): View [welcome] not found. at /mnt/d/Users/Egle/WebstormProjects/saving-app/back-end/vendor/laravel/framework/src/Illuminate/View/FileViewFinder.php:137)
[stacktrace]
#0 /mnt/d/Users/Egle/WebstormProjects/saving-app/back-end/vendor/laravel/framework/src/Illuminate/View/FileViewFinder.php(79): Illuminate\\View\\FileViewFinder->findInPaths()
#1 /mnt/d/Users/Egle/WebstormProjects/saving-app/back-end/vendor/laravel/framework/src/Illuminate/View/Factory.php(131): Illuminate\\View\\FileViewFinder->find()
#2 /mnt/d/Users/Egle/WebstormProjects/saving-app/back-end/vendor/laravel/framework/src/Illuminate/Foundation/helpers.php(970): Illuminate\\View\\Factory->make()
#3 /mnt/d/Users/Egle/WebstormProjects/saving-app/back-end/routes/web.php(15): view()
#4 /mnt/d/Users/Egle/WebstormProjects/saving-app/back-end/vendor/laravel/framework/src/Illuminate/Routing/Route.php(205): Illuminate\\Routing\\RouteFileRegistrar->{closure}()
#5 /mnt/d/Users/Egle/WebstormProjects/saving-app/back-end/vendor/laravel/framework/src/Illuminate/Routing/Route.php(179): Illuminate\\Routing\\Route->runCallable()
#6 /mnt/d/Users/Egle/WebstormProjects/saving-app/back-end/vendor/laravel/framework/src/Illuminate/Routing/Router.php(681): Illuminate\\Routing\\Route->run()
#7 /mnt/d/Users/Egle/WebstormProjects/saving-app/back-end/vendor/laravel/framework/src/Illuminate/Pipeline/Pipeline.php(130): Illuminate\\Routing\\Router->Illuminate\\Routing\\{closure}()
#8 /mnt/d/Users/Egle/WebstormProjects/saving-app/back-end/vendor/laravel/framework/src/Illuminate/Routing/Middleware/SubstituteBindings.php(41): Illuminate\\Pipeline\\Pipeline->Illuminate\\Pipeline\\{closure}()
#9 /mnt/d/Users/Egle/WebstormProjects/saving-app/back-end/vendor/laravel/framework/src/Illuminate/Pipeline/Pipeline.php(171): Illuminate\\Routing\\Middleware\\SubstituteBindings->handle()
#10 /mnt/d/Users/Egle/WebstormProjects/saving-app/back-end/vendor/laravel/framework/src/Illuminate/View/Middleware/ShareErrorsFromSession.php(49): Illuminate\\Pipeline\\Pipeline->Illuminate\\Pipeline\\{closure}()
#11 /mnt/d/Users/Egle/WebstormProjects/saving-app/back-end/vendor/laravel/framework/src/Illuminate/Pipeline/Pipeline.php(171): Illuminate\\View\\Middleware\\ShareErrorsFromSession->handle()
#12 /mnt/d/Users/Egle/WebstormProjects/saving-app/back-end/vendor/laravel/framework/src/Illuminate/Session/Middleware/StartSession.php(56): Illuminate\\Pipeline\\Pipeline->Illuminate\\Pipeline\\{closure}()
#13 /mnt/d/Users/Egle/WebstormProjects/saving-app/back-end/vendor/laravel/framework/src/Illuminate/Pipeline/Pipeline.php(171): Illuminate\\Session\\Middleware\\StartSession->handle()
#14 /mnt/d/Users/Egle/WebstormProjects/saving-app/back-end/vendor/laravel/framework/src/Illuminate/Cookie/Middleware/AddQueuedCookiesToResponse.php(37): Illuminate\\Pipeline\\Pipeline->Illuminate\\Pipeline\\{closure}()
#15 /mnt/d/Users/Egle/WebstormProjects/saving-app/back-end/vendor/laravel/framework/src/Illuminate/Pipeline/Pipeline.php(171): Illuminate\\Cookie\\Middleware\\AddQueuedCookiesToResponse->handle()
#16 /mnt/d/Users/Egle/WebstormProjects/saving-app/back-end/vendor/laravel/framework/src/Illuminate/Cookie/Middleware/EncryptCookies.php(67): Illuminate\\Pipeline\\Pipeline->Illuminate\\Pipeline\\{closure}()
#17 /mnt/d/Users/Egle/WebstormProjects/saving-app/back-end/vendor/laravel/framework/src/Illuminate/Pipeline/Pipeline.php(171): Illuminate\\Cookie\\Middleware\\EncryptCookies->handle()
#18 /mnt/d/Users/Egle/WebstormProjects/saving-app/back-end/vendor/laravel/framework/src/Illuminate/Pipeline/Pipeline.php(105): Illuminate\\Pipeline\\Pipeline->Illuminate\\Pipeline\\{closure}()
#19 /mnt/d/Users/Egle/WebstormProjects/saving-app/back-end/vendor/laravel/framework/src/Illuminate/Routing/Router.php(683): Illuminate\\Pipeline\\Pipeline->then()
#20 /mnt/d/Users/Egle/WebstormProjects/saving-app/back-end/vendor/laravel/framework/src/Illuminate/Routing/Router.php(658): Illuminate\\Routing\\Router->runRouteWithinStack()
#21 /mnt/d/Users/Egle/WebstormProjects/saving-app/back-end/vendor/laravel/framework/src/Illuminate/Routing/Router.php(624): Illuminate\\Routing\\Router->runRoute()
#22 /mnt/d/Users/Egle/WebstormProjects/saving-app/back-end/vendor/laravel/framework/src/Illuminate/Routing/Router.php(613): Illuminate\\Routing\\Router->dispatchToRoute()
#23 /mnt/d/Users/Egle/WebstormProjects/saving-app/back-end/vendor/laravel/framework/src/Illuminate/Foundation/Http/Kernel.php(170): Illuminate\\Routing\\Router->dispatch()
#24 /mnt/d/Users/Egle/WebstormProjects/saving-app/back-end/vendor/laravel/framework/src/Illuminate/Pipeline/Pipeline.php(130): Illuminate\\Foundation\\Http\\Kernel->Illuminate\\Foundation\\Http\\{closure}()
#25 /mnt/d/Users/Egle/WebstormProjects/saving-app/back-end/vendor/laravel/framework/src/Illuminate/Foundation/Http/Middleware/TransformsRequest.php(21): Illuminate\\Pipeline\\Pipeline->Illuminate\\Pipeline\\{closure}()
#26 /mnt/d/Users/Egle/WebstormProjects/saving-app/back-end/vendor/laravel/framework/src/Illuminate/Pipeline/Pipeline.php(171): Illuminate\\Foundation\\Http\\Middleware\\TransformsRequest->handle()
#27 /mnt/d/Users/Egle/WebstormProjects/saving-app/back-end/vendor/laravel/framework/src/Illuminate/Foundation/Http/Middleware/TransformsRequest.php(21): Illuminate\\Pipeline\\Pipeline->Illuminate\\Pipeline\\{closure}()
#28 /mnt/d/Users/Egle/WebstormProjects/saving-app/back-end/vendor/laravel/framework/src/Illuminate/Pipeline/Pipeline.php(171): Illuminate\\Foundation\\Http\\Middleware\\TransformsRequest->handle()
#29 /mnt/d/Users/Egle/WebstormProjects/saving-app/back-end/vendor/laravel/framework/src/Illuminate/Foundation/Http/Middleware/ValidatePostSize.php(27): Illuminate\\Pipeline\\Pipeline->Illuminate\\Pipeline\\{closure}()
#30 /mnt/d/Users/Egle/WebstormProjects/saving-app/back-end/vendor/laravel/framework/src/Illuminate/Pipeline/Pipeline.php(171): Illuminate\\Foundation\\Http\\Middleware\\ValidatePostSize->handle()
#31 /mnt/d/Users/Egle/WebstormProjects/saving-app/back-end/vendor/laravel/framework/src/Illuminate/Foundation/Http/Middleware/CheckForMaintenanceMode.php(63): Illuminate\\Pipeline\\Pipeline->Illuminate\\Pipeline\\{closure}()
#32 /mnt/d/Users/Egle/WebstormProjects/saving-app/back-end/vendor/laravel/framework/src/Illuminate/Pipeline/Pipeline.php(171): Illuminate\\Foundation\\Http\\Middleware\\CheckForMaintenanceMode->handle()
#33 /mnt/d/Users/Egle/WebstormProjects/saving-app/back-end/vendor/fideloper/proxy/src/TrustProxies.php(57): Illuminate\\Pipeline\\Pipeline->Illuminate\\Pipeline\\{closure}()
#34 /mnt/d/Users/Egle/WebstormProjects/saving-app/back-end/vendor/laravel/framework/src/Illuminate/Pipeline/Pipeline.php(171): Fideloper\\Proxy\\TrustProxies->handle()
#35 /mnt/d/Users/Egle/WebstormProjects/saving-app/back-end/vendor/barryvdh/laravel-cors/src/HandlePreflight.php(29): Illuminate\\Pipeline\\Pipeline->Illuminate\\Pipeline\\{closure}()
#36 /mnt/d/Users/Egle/WebstormProjects/saving-app/back-end/vendor/laravel/framework/src/Illuminate/Pipeline/Pipeline.php(171): Barryvdh\\Cors\\HandlePreflight->handle()
#37 /mnt/d/Users/Egle/WebstormProjects/saving-app/back-end/vendor/laravel/framework/src/Illuminate/Pipeline/Pipeline.php(105): Illuminate\\Pipeline\\Pipeline->Illuminate\\Pipeline\\{closure}()
#38 /mnt/d/Users/Egle/WebstormProjects/saving-app/back-end/vendor/laravel/framework/src/Illuminate/Foundation/Http/Kernel.php(145): Illuminate\\Pipeline\\Pipeline->then()
#39 /mnt/d/Users/Egle/WebstormProjects/saving-app/back-end/vendor/laravel/framework/src/Illuminate/Foundation/Http/Kernel.php(110): Illuminate\\Foundation\\Http\\Kernel->sendRequestThroughRouter()
#40 /mnt/d/Users/Egle/WebstormProjects/saving-app/back-end/public/index.php(55): Illuminate\\Foundation\\Http\\Kernel->handle()
#41 /mnt/d/Users/Egle/WebstormProjects/saving-app/back-end/server.php(21): require_once('/mnt/d/Users/Eg...')
#42 {main}
"} 
[2020-10-24 22:17:11] local.ERROR: file_put_contents(D:\Users\Egle\WebstormProjects\saving-app\back-end\storage\framework/sessions/VxXqpuGKfY5gVch0gdyChWVVk5kQ0UuXkR2wraFi): failed to open stream: No such file or directory {"exception":"[object] (ErrorException(code: 0): file_put_contents(D:\\Users\\Egle\\WebstormProjects\\saving-app\\back-end\\storage\\framework/sessions/VxXqpuGKfY5gVch0gdyChWVVk5kQ0UuXkR2wraFi): failed to open stream: No such file or directory at /mnt/d/Users/Egle/WebstormProjects/saving-app/back-end/vendor/laravel/framework/src/Illuminate/Filesystem/Filesystem.php:133)
[stacktrace]
#0 [internal function]: Illuminate\\Foundation\\Bootstrap\\HandleExceptions->handleError()
#1 /mnt/d/Users/Egle/WebstormProjects/saving-app/back-end/vendor/laravel/framework/src/Illuminate/Filesystem/Filesystem.php(133): file_put_contents()
#2 /mnt/d/Users/Egle/WebstormProjects/saving-app/back-end/vendor/laravel/framework/src/Illuminate/Session/FileSessionHandler.php(83): Illuminate\\Filesystem\\Filesystem->put()
#3 /mnt/d/Users/Egle/WebstormProjects/saving-app/back-end/vendor/laravel/framework/src/Illuminate/Session/Store.php(129): Illuminate\\Session\\FileSessionHandler->write()
#4 /mnt/d/Users/Egle/WebstormProjects/saving-app/back-end/vendor/laravel/framework/src/Illuminate/Session/Middleware/StartSession.php(170): Illuminate\\Session\\Store->save()
#5 /mnt/d/Users/Egle/WebstormProjects/saving-app/back-end/vendor/laravel/framework/src/Illuminate/Session/Middleware/StartSession.php(65): Illuminate\\Session\\Middleware\\StartSession->saveSession()
#6 /mnt/d/Users/Egle/WebstormProjects/saving-app/back-end/vendor/laravel/framework/src/Illuminate/Pipeline/Pipeline.php(171): Illuminate\\Session\\Middleware\\StartSession->handle()
#7 /mnt/d/Users/Egle/WebstormProjects/saving-app/back-end/vendor/laravel/framework/src/Illuminate/Cookie/Middleware/AddQueuedCookiesToResponse.php(37): Illuminate\\Pipeline\\Pipeline->Illuminate\\Pipeline\\{closure}()
#8 /mnt/d/Users/Egle/WebstormProjects/saving-app/back-end/vendor/laravel/framework/src/Illuminate/Pipeline/Pipeline.php(171): Illuminate\\Cookie\\Middleware\\AddQueuedCookiesToResponse->handle()
#9 /mnt/d/Users/Egle/WebstormProjects/saving-app/back-end/vendor/laravel/framework/src/Illuminate/Cookie/Middleware/EncryptCookies.php(67): Illuminate\\Pipeline\\Pipeline->Illuminate\\Pipeline\\{closure}()
#10 /mnt/d/Users/Egle/WebstormProjects/saving-app/back-end/vendor/laravel/framework/src/Illuminate/Pipeline/Pipeline.php(171): Illuminate\\Cookie\\Middleware\\EncryptCookies->handle()
#11 /mnt/d/Users/Egle/WebstormProjects/saving-app/back-end/vendor/laravel/framework/src/Illuminate/Pipeline/Pipeline.php(105): Illuminate\\Pipeline\\Pipeline->Illuminate\\Pipeline\\{closure}()
#12 /mnt/d/Users/Egle/WebstormProjects/saving-app/back-end/vendor/laravel/framework/src/Illuminate/Routing/Router.php(683): Illuminate\\Pipeline\\Pipeline->then()
#13 /mnt/d/Users/Egle/WebstormProjects/saving-app/back-end/vendor/laravel/framework/src/Illuminate/Routing/Router.php(658): Illuminate\\Routing\\Router->runRouteWithinStack()
#14 /mnt/d/Users/Egle/WebstormProjects/saving-app/back-end/vendor/laravel/framework/src/Illuminate/Routing/Router.php(624): Illuminate\\Routing\\Router->runRoute()
#15 /mnt/d/Users/Egle/WebstormProjects/saving-app/back-end/vendor/laravel/framework/src/Illuminate/Routing/Router.php(613): Illuminate\\Routing\\Router->dispatchToRoute()
#16 /mnt/d/Users/Egle/WebstormProjects/saving-app/back-end/vendor/laravel/framework/src/Illuminate/Foundation/Http/Kernel.php(170): Illuminate\\Routing\\Router->dispatch()
#17 /mnt/d/Users/Egle/WebstormProjects/saving-app/back-end/vendor/laravel/framework/src/Illuminate/Pipeline/Pipeline.php(130): Illuminate\\Foundation\\Http\\Kernel->Illuminate\\Foundation\\Http\\{closure}()
#18 /mnt/d/Users/Egle/WebstormProjects/saving-app/back-end/vendor/laravel/framework/src/Illuminate/Foundation/Http/Middleware/TransformsRequest.php(21): Illuminate\\Pipeline\\Pipeline->Illuminate\\Pipeline\\{closure}()
#19 /mnt/d/Users/Egle/WebstormProjects/saving-app/back-end/vendor/laravel/framework/src/Illuminate/Pipeline/Pipeline.php(171): Illuminate\\Foundation\\Http\\Middleware\\TransformsRequest->handle()
#20 /mnt/d/Users/Egle/WebstormProjects/saving-app/back-end/vendor/laravel/framework/src/Illuminate/Foundation/Http/Middleware/TransformsRequest.php(21): Illuminate\\Pipeline\\Pipeline->Illuminate\\Pipeline\\{closure}()
#21 /mnt/d/Users/Egle/WebstormProjects/saving-app/back-end/vendor/laravel/framework/src/Illuminate/Pipeline/Pipeline.php(171): Illuminate\\Foundation\\Http\\Middleware\\TransformsRequest->handle()
#22 /mnt/d/Users/Egle/WebstormProjects/saving-app/back-end/vendor/laravel/framework/src/Illuminate/Foundation/Http/Middleware/ValidatePostSize.php(27): Illuminate\\Pipeline\\Pipeline->Illuminate\\Pipeline\\{closure}()
#23 /mnt/d/Users/Egle/WebstormProjects/saving-app/back-end/vendor/laravel/framework/src/Illuminate/Pipeline/Pipeline.php(171): Illuminate\\Foundation\\Http\\Middleware\\ValidatePostSize->handle()
#24 /mnt/d/Users/Egle/WebstormProjects/saving-app/back-end/vendor/laravel/framework/src/Illuminate/Foundation/Http/Middleware/CheckForMaintenanceMode.php(63): Illuminate\\Pipeline\\Pipeline->Illuminate\\Pipeline\\{closure}()
#25 /mnt/d/Users/Egle/WebstormProjects/saving-app/back-end/vendor/laravel/framework/src/Illuminate/Pipeline/Pipeline.php(171): Illuminate\\Foundation\\Http\\Middleware\\CheckForMaintenanceMode->handle()
#26 /mnt/d/Users/Egle/WebstormProjects/saving-app/back-end/vendor/fideloper/proxy/src/TrustProxies.php(57): Illuminate\\Pipeline\\Pipeline->Illuminate\\Pipeline\\{closure}()
#27 /mnt/d/Users/Egle/WebstormProjects/saving-app/back-end/vendor/laravel/framework/src/Illuminate/Pipeline/Pipeline.php(171): Fideloper\\Proxy\\TrustProxies->handle()
#28 /mnt/d/Users/Egle/WebstormProjects/saving-app/back-end/vendor/barryvdh/laravel-cors/src/HandlePreflight.php(29): Illuminate\\Pipeline\\Pipeline->Illuminate\\Pipeline\\{closure}()
#29 /mnt/d/Users/Egle/WebstormProjects/saving-app/back-end/vendor/laravel/framework/src/Illuminate/Pipeline/Pipeline.php(171): Barryvdh\\Cors\\HandlePreflight->handle()
#30 /mnt/d/Users/Egle/WebstormProjects/saving-app/back-end/vendor/laravel/framework/src/Illuminate/Pipeline/Pipeline.php(105): Illuminate\\Pipeline\\Pipeline->Illuminate\\Pipeline\\{closure}()
#31 /mnt/d/Users/Egle/WebstormProjects/saving-app/back-end/vendor/laravel/framework/src/Illuminate/Foundation/Http/Kernel.php(145): Illuminate\\Pipeline\\Pipeline->then()
#32 /mnt/d/Users/Egle/WebstormProjects/saving-app/back-end/vendor/laravel/framework/src/Illuminate/Foundation/Http/Kernel.php(110): Illuminate\\Foundation\\Http\\Kernel->sendRequestThroughRouter()
#33 /mnt/d/Users/Egle/WebstormProjects/saving-app/back-end/public/index.php(55): Illuminate\\Foundation\\Http\\Kernel->handle()
#34 /mnt/d/Users/Egle/WebstormProjects/saving-app/back-end/server.php(21): require_once('/mnt/d/Users/Eg...')
#35 {main}
"} 
