[2020-10-24 18:09:44] local.ERROR: could not find driver (SQL: select * from information_schema.tables where table_schema = laravel and table_name = migrations and table_type = 'BASE TABLE') {"exception":"[object] (Illuminate\\Database\\QueryException(code: 0): could not find driver (SQL: select * from information_schema.tables where table_schema = laravel and table_name = migrations and table_type = 'BASE TABLE') at /mnt/d/Users/Egle/WebstormProjects/saving-app/back-end/vendor/laravel/framework/src/Illuminate/Database/Connection.php:669)
[stacktrace]
#0 /mnt/d/Users/Egle/WebstormProjects/saving-app/back-end/vendor/laravel/framework/src/Illuminate/Database/Connection.php(629): Illuminate\\Database\\Connection->runQueryCallback()
#1 /mnt/d/Users/Egle/WebstormProjects/saving-app/back-end/vendor/laravel/framework/src/Illuminate/Database/Connection.php(338): Illuminate\\Database\\Connection->run()
#2 /mnt/d/Users/Egle/WebstormProjects/saving-app/back-end/vendor/laravel/framework/src/Illuminate/Database/Schema/MySqlBuilder.php(18): Illuminate\\Database\\Connection->select()
#3 /mnt/d/Users/Egle/WebstormProjects/saving-app/back-end/vendor/laravel/framework/src/Illuminate/Database/Migrations/DatabaseMigrationRepository.php(169): Illuminate\\Database\\Schema\\MySqlBuilder->hasTable()
#4 /mnt/d/Users/Egle/WebstormProjects/saving-app/back-end/vendor/laravel/framework/src/Illuminate/Database/Migrations/Migrator.php(590): Illuminate\\Database\\Migrations\\DatabaseMigrationRepository->repositoryExists()
#5 /mnt/d/Users/Egle/WebstormProjects/saving-app/back-end/vendor/laravel/framework/src/Illuminate/Database/Console/Migrations/MigrateCommand.php(91): Illuminate\\Database\\Migrations\\Migrator->repositoryExists()
#6 /mnt/d/Users/Egle/WebstormProjects/saving-app/back-end/vendor/laravel/framework/src/Illuminate/Database/Console/Migrations/MigrateCommand.php(63): Illuminate\\Database\\Console\\Migrations\\MigrateCommand->prepareDatabase()
#7 [internal function]: Illuminate\\Database\\Console\\Migrations\\MigrateCommand->handle()
#8 /mnt/d/Users/Egle/WebstormProjects/saving-app/back-end/vendor/laravel/framework/src/Illuminate/Container/BoundMethod.php(32): call_user_func_array()
#9 /mnt/d/Users/Egle/WebstormProjects/saving-app/back-end/vendor/laravel/framework/src/Illuminate/Container/Util.php(37): Illuminate\\Container\\BoundMethod::Illuminate\\Container\\{closure}()
#10 /mnt/d/Users/Egle/WebstormProjects/saving-app/back-end/vendor/laravel/framework/src/Illuminate/Container/BoundMethod.php(90): Illuminate\\Container\\Util::unwrapIfClosure()
#11 /mnt/d/Users/Egle/WebstormProjects/saving-app/back-end/vendor/laravel/framework/src/Illuminate/Container/BoundMethod.php(34): Illuminate\\Container\\BoundMethod::callBoundMethod()
#12 /mnt/d/Users/Egle/WebstormProjects/saving-app/back-end/vendor/laravel/framework/src/Illuminate/Container/Container.php(590): Illuminate\\Container\\BoundMethod::call()
#13 /mnt/d/Users/Egle/WebstormProjects/saving-app/back-end/vendor/laravel/framework/src/Illuminate/Console/Command.php(134): Illuminate\\Container\\Container->call()
#14 /mnt/d/Users/Egle/WebstormProjects/saving-app/back-end/vendor/symfony/console/Command/Command.php(255): Illuminate\\Console\\Command->execute()
#15 /mnt/d/Users/Egle/WebstormProjects/saving-app/back-end/vendor/laravel/framework/src/Illuminate/Console/Command.php(121): Symfony\\Component\\Console\\Command\\Command->run()
#16 /mnt/d/Users/Egle/WebstormProjects/saving-app/back-end/vendor/symfony/console/Application.php(1009): Illuminate\\Console\\Command->run()
#17 /mnt/d/Users/Egle/WebstormProjects/saving-app/back-end/vendor/symfony/console/Application.php(273): Symfony\\Component\\Console\\Application->doRunCommand()
#18 /mnt/d/Users/Egle/WebstormProjects/saving-app/back-end/vendor/symfony/console/Application.php(149): Symfony\\Component\\Console\\Application->doRun()
#19 /mnt/d/Users/Egle/WebstormProjects/saving-app/back-end/vendor/laravel/framework/src/Illuminate/Console/Application.php(93): Symfony\\Component\\Console\\Application->run()
#20 /mnt/d/Users/Egle/WebstormProjects/saving-app/back-end/vendor/laravel/framework/src/Illuminate/Foundation/Console/Kernel.php(131): Illuminate\\Console\\Application->run()
#21 /mnt/d/Users/Egle/WebstormProjects/saving-app/back-end/artisan(37): Illuminate\\Foundation\\Console\\Kernel->handle()
#22 {main}

[previous exception] [object] (PDOException(code: 0): could not find driver at /mnt/d/Users/Egle/WebstormProjects/saving-app/back-end/vendor/laravel/framework/src/Illuminate/Database/Connectors/Connector.php:70)
[stacktrace]
#0 /mnt/d/Users/Egle/WebstormProjects/saving-app/back-end/vendor/laravel/framework/src/Illuminate/Database/Connectors/Connector.php(70): PDO->__construct()
#1 /mnt/d/Users/Egle/WebstormProjects/saving-app/back-end/vendor/laravel/framework/src/Illuminate/Database/Connectors/Connector.php(46): Illuminate\\Database\\Connectors\\Connector->createPdoConnection()
#2 /mnt/d/Users/Egle/WebstormProjects/saving-app/back-end/vendor/laravel/framework/src/Illuminate/Database/Connectors/MySqlConnector.php(24): Illuminate\\Database\\Connectors\\Connector->createConnection()
#3 /mnt/d/Users/Egle/WebstormProjects/saving-app/back-end/vendor/laravel/framework/src/Illuminate/Database/Connectors/ConnectionFactory.php(182): Illuminate\\Database\\Connectors\\MySqlConnector->connect()
#4 [internal function]: Illuminate\\Database\\Connectors\\ConnectionFactory->Illuminate\\Database\\Connectors\\{closure}()
#5 /mnt/d/Users/Egle/WebstormProjects/saving-app/back-end/vendor/laravel/framework/src/Illuminate/Database/Connection.php(924): call_user_func()
#6 /mnt/d/Users/Egle/WebstormProjects/saving-app/back-end/vendor/laravel/framework/src/Illuminate/Database/Connection.php(959): Illuminate\\Database\\Connection->getPdo()
#7 /mnt/d/Users/Egle/WebstormProjects/saving-app/back-end/vendor/laravel/framework/src/Illuminate/Database/Connection.php(404): Illuminate\\Database\\Connection->getReadPdo()
#8 /mnt/d/Users/Egle/WebstormProjects/saving-app/back-end/vendor/laravel/framework/src/Illuminate/Database/Connection.php(330): Illuminate\\Database\\Connection->getPdoForSelect()
#9 /mnt/d/Users/Egle/WebstormProjects/saving-app/back-end/vendor/laravel/framework/src/Illuminate/Database/Connection.php(662): Illuminate\\Database\\Connection->Illuminate\\Database\\{closure}()
#10 /mnt/d/Users/Egle/WebstormProjects/saving-app/back-end/vendor/laravel/framework/src/Illuminate/Database/Connection.php(629): Illuminate\\Database\\Connection->runQueryCallback()
#11 /mnt/d/Users/Egle/WebstormProjects/saving-app/back-end/vendor/laravel/framework/src/Illuminate/Database/Connection.php(338): Illuminate\\Database\\Connection->run()
#12 /mnt/d/Users/Egle/WebstormProjects/saving-app/back-end/vendor/laravel/framework/src/Illuminate/Database/Schema/MySqlBuilder.php(18): Illuminate\\Database\\Connection->select()
#13 /mnt/d/Users/Egle/WebstormProjects/saving-app/back-end/vendor/laravel/framework/src/Illuminate/Database/Migrations/DatabaseMigrationRepository.php(169): Illuminate\\Database\\Schema\\MySqlBuilder->hasTable()
#14 /mnt/d/Users/Egle/WebstormProjects/saving-app/back-end/vendor/laravel/framework/src/Illuminate/Database/Migrations/Migrator.php(590): Illuminate\\Database\\Migrations\\DatabaseMigrationRepository->repositoryExists()
#15 /mnt/d/Users/Egle/WebstormProjects/saving-app/back-end/vendor/laravel/framework/src/Illuminate/Database/Console/Migrations/MigrateCommand.php(91): Illuminate\\Database\\Migrations\\Migrator->repositoryExists()
#16 /mnt/d/Users/Egle/WebstormProjects/saving-app/back-end/vendor/laravel/framework/src/Illuminate/Database/Console/Migrations/MigrateCommand.php(63): Illuminate\\Database\\Console\\Migrations\\MigrateCommand->prepareDatabase()
#17 [internal function]: Illuminate\\Database\\Console\\Migrations\\MigrateCommand->handle()
#18 /mnt/d/Users/Egle/WebstormProjects/saving-app/back-end/vendor/laravel/framework/src/Illuminate/Container/BoundMethod.php(32): call_user_func_array()
#19 /mnt/d/Users/Egle/WebstormProjects/saving-app/back-end/vendor/laravel/framework/src/Illuminate/Container/Util.php(37): Illuminate\\Container\\BoundMethod::Illuminate\\Container\\{closure}()
#20 /mnt/d/Users/Egle/WebstormProjects/saving-app/back-end/vendor/laravel/framework/src/Illuminate/Container/BoundMethod.php(90): Illuminate\\Container\\Util::unwrapIfClosure()
#21 /mnt/d/Users/Egle/WebstormProjects/saving-app/back-end/vendor/laravel/framework/src/Illuminate/Container/BoundMethod.php(34): Illuminate\\Container\\BoundMethod::callBoundMethod()
#22 /mnt/d/Users/Egle/WebstormProjects/saving-app/back-end/vendor/laravel/framework/src/Illuminate/Container/Container.php(590): Illuminate\\Container\\BoundMethod::call()
#23 /mnt/d/Users/Egle/WebstormProjects/saving-app/back-end/vendor/laravel/framework/src/Illuminate/Console/Command.php(134): Illuminate\\Container\\Container->call()
#24 /mnt/d/Users/Egle/WebstormProjects/saving-app/back-end/vendor/symfony/console/Command/Command.php(255): Illuminate\\Console\\Command->execute()
#25 /mnt/d/Users/Egle/WebstormProjects/saving-app/back-end/vendor/laravel/framework/src/Illuminate/Console/Command.php(121): Symfony\\Component\\Console\\Command\\Command->run()
#26 /mnt/d/Users/Egle/WebstormProjects/saving-app/back-end/vendor/symfony/console/Application.php(1009): Illuminate\\Console\\Command->run()
#27 /mnt/d/Users/Egle/WebstormProjects/saving-app/back-end/vendor/symfony/console/Application.php(273): Symfony\\Component\\Console\\Application->doRunCommand()
#28 /mnt/d/Users/Egle/WebstormProjects/saving-app/back-end/vendor/symfony/console/Application.php(149): Symfony\\Component\\Console\\Application->doRun()
#29 /mnt/d/Users/Egle/WebstormProjects/saving-app/back-end/vendor/laravel/framework/src/Illuminate/Console/Application.php(93): Symfony\\Component\\Console\\Application->run()
#30 /mnt/d/Users/Egle/WebstormProjects/saving-app/back-end/vendor/laravel/framework/src/Illuminate/Foundation/Console/Kernel.php(131): Illuminate\\Console\\Application->run()
#31 /mnt/d/Users/Egle/WebstormProjects/saving-app/back-end/artisan(37): Illuminate\\Foundation\\Console\\Kernel->handle()
#32 {main}
"} 
[2020-10-24 18:13:57] local.ERROR: could not find driver (SQL: select * from information_schema.tables where table_schema = laravel and table_name = migrations and table_type = 'BASE TABLE') {"exception":"[object] (Illuminate\\Database\\QueryException(code: 0): could not find driver (SQL: select * from information_schema.tables where table_schema = laravel and table_name = migrations and table_type = 'BASE TABLE') at /mnt/d/Users/Egle/WebstormProjects/saving-app/back-end/vendor/laravel/framework/src/Illuminate/Database/Connection.php:669)
[stacktrace]
#0 /mnt/d/Users/Egle/WebstormProjects/saving-app/back-end/vendor/laravel/framework/src/Illuminate/Database/Connection.php(629): Illuminate\\Database\\Connection->runQueryCallback()
#1 /mnt/d/Users/Egle/WebstormProjects/saving-app/back-end/vendor/laravel/framework/src/Illuminate/Database/Connection.php(338): Illuminate\\Database\\Connection->run()
#2 /mnt/d/Users/Egle/WebstormProjects/saving-app/back-end/vendor/laravel/framework/src/Illuminate/Database/Schema/MySqlBuilder.php(18): Illuminate\\Database\\Connection->select()
#3 /mnt/d/Users/Egle/WebstormProjects/saving-app/back-end/vendor/laravel/framework/src/Illuminate/Database/Migrations/DatabaseMigrationRepository.php(169): Illuminate\\Database\\Schema\\MySqlBuilder->hasTable()
#4 /mnt/d/Users/Egle/WebstormProjects/saving-app/back-end/vendor/laravel/framework/src/Illuminate/Database/Migrations/Migrator.php(590): Illuminate\\Database\\Migrations\\DatabaseMigrationRepository->repositoryExists()
#5 /mnt/d/Users/Egle/WebstormProjects/saving-app/back-end/vendor/laravel/framework/src/Illuminate/Database/Console/Migrations/MigrateCommand.php(91): Illuminate\\Database\\Migrations\\Migrator->repositoryExists()
#6 /mnt/d/Users/Egle/WebstormProjects/saving-app/back-end/vendor/laravel/framework/src/Illuminate/Database/Console/Migrations/MigrateCommand.php(63): Illuminate\\Database\\Console\\Migrations\\MigrateCommand->prepareDatabase()
#7 [internal function]: Illuminate\\Database\\Console\\Migrations\\MigrateCommand->handle()
#8 /mnt/d/Users/Egle/WebstormProjects/saving-app/back-end/vendor/laravel/framework/src/Illuminate/Container/BoundMethod.php(32): call_user_func_array()
#9 /mnt/d/Users/Egle/WebstormProjects/saving-app/back-end/vendor/laravel/framework/src/Illuminate/Container/Util.php(37): Illuminate\\Container\\BoundMethod::Illuminate\\Container\\{closure}()
#10 /mnt/d/Users/Egle/WebstormProjects/saving-app/back-end/vendor/laravel/framework/src/Illuminate/Container/BoundMethod.php(90): Illuminate\\Container\\Util::unwrapIfClosure()
#11 /mnt/d/Users/Egle/WebstormProjects/saving-app/back-end/vendor/laravel/framework/src/Illuminate/Container/BoundMethod.php(34): Illuminate\\Container\\BoundMethod::callBoundMethod()
#12 /mnt/d/Users/Egle/WebstormProjects/saving-app/back-end/vendor/laravel/framework/src/Illuminate/Container/Container.php(590): Illuminate\\Container\\BoundMethod::call()
#13 /mnt/d/Users/Egle/WebstormProjects/saving-app/back-end/vendor/laravel/framework/src/Illuminate/Console/Command.php(134): Illuminate\\Container\\Container->call()
#14 /mnt/d/Users/Egle/WebstormProjects/saving-app/back-end/vendor/symfony/console/Command/Command.php(255): Illuminate\\Console\\Command->execute()
#15 /mnt/d/Users/Egle/WebstormProjects/saving-app/back-end/vendor/laravel/framework/src/Illuminate/Console/Command.php(121): Symfony\\Component\\Console\\Command\\Command->run()
#16 /mnt/d/Users/Egle/WebstormProjects/saving-app/back-end/vendor/symfony/console/Application.php(1009): Illuminate\\Console\\Command->run()
#17 /mnt/d/Users/Egle/WebstormProjects/saving-app/back-end/vendor/symfony/console/Application.php(273): Symfony\\Component\\Console\\Application->doRunCommand()
#18 /mnt/d/Users/Egle/WebstormProjects/saving-app/back-end/vendor/symfony/console/Application.php(149): Symfony\\Component\\Console\\Application->doRun()
#19 /mnt/d/Users/Egle/WebstormProjects/saving-app/back-end/vendor/laravel/framework/src/Illuminate/Console/Application.php(93): Symfony\\Component\\Console\\Application->run()
#20 /mnt/d/Users/Egle/WebstormProjects/saving-app/back-end/vendor/laravel/framework/src/Illuminate/Foundation/Console/Kernel.php(131): Illuminate\\Console\\Application->run()
#21 /mnt/d/Users/Egle/WebstormProjects/saving-app/back-end/artisan(37): Illuminate\\Foundation\\Console\\Kernel->handle()
#22 {main}

[previous exception] [object] (PDOException(code: 0): could not find driver at /mnt/d/Users/Egle/WebstormProjects/saving-app/back-end/vendor/laravel/framework/src/Illuminate/Database/Connectors/Connector.php:70)
[stacktrace]
#0 /mnt/d/Users/Egle/WebstormProjects/saving-app/back-end/vendor/laravel/framework/src/Illuminate/Database/Connectors/Connector.php(70): PDO->__construct()
#1 /mnt/d/Users/Egle/WebstormProjects/saving-app/back-end/vendor/laravel/framework/src/Illuminate/Database/Connectors/Connector.php(46): Illuminate\\Database\\Connectors\\Connector->createPdoConnection()
#2 /mnt/d/Users/Egle/WebstormProjects/saving-app/back-end/vendor/laravel/framework/src/Illuminate/Database/Connectors/MySqlConnector.php(24): Illuminate\\Database\\Connectors\\Connector->createConnection()
#3 /mnt/d/Users/Egle/WebstormProjects/saving-app/back-end/vendor/laravel/framework/src/Illuminate/Database/Connectors/ConnectionFactory.php(182): Illuminate\\Database\\Connectors\\MySqlConnector->connect()
#4 [internal function]: Illuminate\\Database\\Connectors\\ConnectionFactory->Illuminate\\Database\\Connectors\\{closure}()
#5 /mnt/d/Users/Egle/WebstormProjects/saving-app/back-end/vendor/laravel/framework/src/Illuminate/Database/Connection.php(924): call_user_func()
#6 /mnt/d/Users/Egle/WebstormProjects/saving-app/back-end/vendor/laravel/framework/src/Illuminate/Database/Connection.php(959): Illuminate\\Database\\Connection->getPdo()
#7 /mnt/d/Users/Egle/WebstormProjects/saving-app/back-end/vendor/laravel/framework/src/Illuminate/Database/Connection.php(404): Illuminate\\Database\\Connection->getReadPdo()
#8 /mnt/d/Users/Egle/WebstormProjects/saving-app/back-end/vendor/laravel/framework/src/Illuminate/Database/Connection.php(330): Illuminate\\Database\\Connection->getPdoForSelect()
#9 /mnt/d/Users/Egle/WebstormProjects/saving-app/back-end/vendor/laravel/framework/src/Illuminate/Database/Connection.php(662): Illuminate\\Database\\Connection->Illuminate\\Database\\{closure}()
#10 /mnt/d/Users/Egle/WebstormProjects/saving-app/back-end/vendor/laravel/framework/src/Illuminate/Database/Connection.php(629): Illuminate\\Database\\Connection->runQueryCallback()
#11 /mnt/d/Users/Egle/WebstormProjects/saving-app/back-end/vendor/laravel/framework/src/Illuminate/Database/Connection.php(338): Illuminate\\Database\\Connection->run()
#12 /mnt/d/Users/Egle/WebstormProjects/saving-app/back-end/vendor/laravel/framework/src/Illuminate/Database/Schema/MySqlBuilder.php(18): Illuminate\\Database\\Connection->select()
#13 /mnt/d/Users/Egle/WebstormProjects/saving-app/back-end/vendor/laravel/framework/src/Illuminate/Database/Migrations/DatabaseMigrationRepository.php(169): Illuminate\\Database\\Schema\\MySqlBuilder->hasTable()
#14 /mnt/d/Users/Egle/WebstormProjects/saving-app/back-end/vendor/laravel/framework/src/Illuminate/Database/Migrations/Migrator.php(590): Illuminate\\Database\\Migrations\\DatabaseMigrationRepository->repositoryExists()
#15 /mnt/d/Users/Egle/WebstormProjects/saving-app/back-end/vendor/laravel/framework/src/Illuminate/Database/Console/Migrations/MigrateCommand.php(91): Illuminate\\Database\\Migrations\\Migrator->repositoryExists()
#16 /mnt/d/Users/Egle/WebstormProjects/saving-app/back-end/vendor/laravel/framework/src/Illuminate/Database/Console/Migrations/MigrateCommand.php(63): Illuminate\\Database\\Console\\Migrations\\MigrateCommand->prepareDatabase()
#17 [internal function]: Illuminate\\Database\\Console\\Migrations\\MigrateCommand->handle()
#18 /mnt/d/Users/Egle/WebstormProjects/saving-app/back-end/vendor/laravel/framework/src/Illuminate/Container/BoundMethod.php(32): call_user_func_array()
#19 /mnt/d/Users/Egle/WebstormProjects/saving-app/back-end/vendor/laravel/framework/src/Illuminate/Container/Util.php(37): Illuminate\\Container\\BoundMethod::Illuminate\\Container\\{closure}()
#20 /mnt/d/Users/Egle/WebstormProjects/saving-app/back-end/vendor/laravel/framework/src/Illuminate/Container/BoundMethod.php(90): Illuminate\\Container\\Util::unwrapIfClosure()
#21 /mnt/d/Users/Egle/WebstormProjects/saving-app/back-end/vendor/laravel/framework/src/Illuminate/Container/BoundMethod.php(34): Illuminate\\Container\\BoundMethod::callBoundMethod()
#22 /mnt/d/Users/Egle/WebstormProjects/saving-app/back-end/vendor/laravel/framework/src/Illuminate/Container/Container.php(590): Illuminate\\Container\\BoundMethod::call()
#23 /mnt/d/Users/Egle/WebstormProjects/saving-app/back-end/vendor/laravel/framework/src/Illuminate/Console/Command.php(134): Illuminate\\Container\\Container->call()
#24 /mnt/d/Users/Egle/WebstormProjects/saving-app/back-end/vendor/symfony/console/Command/Command.php(255): Illuminate\\Console\\Command->execute()
#25 /mnt/d/Users/Egle/WebstormProjects/saving-app/back-end/vendor/laravel/framework/src/Illuminate/Console/Command.php(121): Symfony\\Component\\Console\\Command\\Command->run()
#26 /mnt/d/Users/Egle/WebstormProjects/saving-app/back-end/vendor/symfony/console/Application.php(1009): Illuminate\\Console\\Command->run()
#27 /mnt/d/Users/Egle/WebstormProjects/saving-app/back-end/vendor/symfony/console/Application.php(273): Symfony\\Component\\Console\\Application->doRunCommand()
#28 /mnt/d/Users/Egle/WebstormProjects/saving-app/back-end/vendor/symfony/console/Application.php(149): Symfony\\Component\\Console\\Application->doRun()
#29 /mnt/d/Users/Egle/WebstormProjects/saving-app/back-end/vendor/laravel/framework/src/Illuminate/Console/Application.php(93): Symfony\\Component\\Console\\Application->run()
#30 /mnt/d/Users/Egle/WebstormProjects/saving-app/back-end/vendor/laravel/framework/src/Illuminate/Foundation/Console/Kernel.php(131): Illuminate\\Console\\Application->run()
#31 /mnt/d/Users/Egle/WebstormProjects/saving-app/back-end/artisan(37): Illuminate\\Foundation\\Console\\Kernel->handle()
#32 {main}
"} 
[2020-10-24 18:14:19] local.ERROR: could not find driver (SQL: select * from information_schema.tables where table_schema = laravel and table_name = migrations and table_type = 'BASE TABLE') {"exception":"[object] (Illuminate\\Database\\QueryException(code: 0): could not find driver (SQL: select * from information_schema.tables where table_schema = laravel and table_name = migrations and table_type = 'BASE TABLE') at /mnt/d/Users/Egle/WebstormProjects/saving-app/back-end/vendor/laravel/framework/src/Illuminate/Database/Connection.php:669)
[stacktrace]
#0 /mnt/d/Users/Egle/WebstormProjects/saving-app/back-end/vendor/laravel/framework/src/Illuminate/Database/Connection.php(629): Illuminate\\Database\\Connection->runQueryCallback()
#1 /mnt/d/Users/Egle/WebstormProjects/saving-app/back-end/vendor/laravel/framework/src/Illuminate/Database/Connection.php(338): Illuminate\\Database\\Connection->run()
#2 /mnt/d/Users/Egle/WebstormProjects/saving-app/back-end/vendor/laravel/framework/src/Illuminate/Database/Schema/MySqlBuilder.php(18): Illuminate\\Database\\Connection->select()
#3 /mnt/d/Users/Egle/WebstormProjects/saving-app/back-end/vendor/laravel/framework/src/Illuminate/Database/Migrations/DatabaseMigrationRepository.php(169): Illuminate\\Database\\Schema\\MySqlBuilder->hasTable()
#4 /mnt/d/Users/Egle/WebstormProjects/saving-app/back-end/vendor/laravel/framework/src/Illuminate/Database/Migrations/Migrator.php(590): Illuminate\\Database\\Migrations\\DatabaseMigrationRepository->repositoryExists()
#5 /mnt/d/Users/Egle/WebstormProjects/saving-app/back-end/vendor/laravel/framework/src/Illuminate/Database/Console/Migrations/MigrateCommand.php(91): Illuminate\\Database\\Migrations\\Migrator->repositoryExists()
#6 /mnt/d/Users/Egle/WebstormProjects/saving-app/back-end/vendor/laravel/framework/src/Illuminate/Database/Console/Migrations/MigrateCommand.php(63): Illuminate\\Database\\Console\\Migrations\\MigrateCommand->prepareDatabase()
#7 [internal function]: Illuminate\\Database\\Console\\Migrations\\MigrateCommand->handle()
#8 /mnt/d/Users/Egle/WebstormProjects/saving-app/back-end/vendor/laravel/framework/src/Illuminate/Container/BoundMethod.php(32): call_user_func_array()
#9 /mnt/d/Users/Egle/WebstormProjects/saving-app/back-end/vendor/laravel/framework/src/Illuminate/Container/Util.php(37): Illuminate\\Container\\BoundMethod::Illuminate\\Container\\{closure}()
#10 /mnt/d/Users/Egle/WebstormProjects/saving-app/back-end/vendor/laravel/framework/src/Illuminate/Container/BoundMethod.php(90): Illuminate\\Container\\Util::unwrapIfClosure()
#11 /mnt/d/Users/Egle/WebstormProjects/saving-app/back-end/vendor/laravel/framework/src/Illuminate/Container/BoundMethod.php(34): Illuminate\\Container\\BoundMethod::callBoundMethod()
#12 /mnt/d/Users/Egle/WebstormProjects/saving-app/back-end/vendor/laravel/framework/src/Illuminate/Container/Container.php(590): Illuminate\\Container\\BoundMethod::call()
#13 /mnt/d/Users/Egle/WebstormProjects/saving-app/back-end/vendor/laravel/framework/src/Illuminate/Console/Command.php(134): Illuminate\\Container\\Container->call()
#14 /mnt/d/Users/Egle/WebstormProjects/saving-app/back-end/vendor/symfony/console/Command/Command.php(255): Illuminate\\Console\\Command->execute()
#15 /mnt/d/Users/Egle/WebstormProjects/saving-app/back-end/vendor/laravel/framework/src/Illuminate/Console/Command.php(121): Symfony\\Component\\Console\\Command\\Command->run()
#16 /mnt/d/Users/Egle/WebstormProjects/saving-app/back-end/vendor/symfony/console/Application.php(1009): Illuminate\\Console\\Command->run()
#17 /mnt/d/Users/Egle/WebstormProjects/saving-app/back-end/vendor/symfony/console/Application.php(273): Symfony\\Component\\Console\\Application->doRunCommand()
#18 /mnt/d/Users/Egle/WebstormProjects/saving-app/back-end/vendor/symfony/console/Application.php(149): Symfony\\Component\\Console\\Application->doRun()
#19 /mnt/d/Users/Egle/WebstormProjects/saving-app/back-end/vendor/laravel/framework/src/Illuminate/Console/Application.php(93): Symfony\\Component\\Console\\Application->run()
#20 /mnt/d/Users/Egle/WebstormProjects/saving-app/back-end/vendor/laravel/framework/src/Illuminate/Foundation/Console/Kernel.php(131): Illuminate\\Console\\Application->run()
#21 /mnt/d/Users/Egle/WebstormProjects/saving-app/back-end/artisan(37): Illuminate\\Foundation\\Console\\Kernel->handle()
#22 {main}

[previous exception] [object] (PDOException(code: 0): could not find driver at /mnt/d/Users/Egle/WebstormProjects/saving-app/back-end/vendor/laravel/framework/src/Illuminate/Database/Connectors/Connector.php:70)
[stacktrace]
#0 /mnt/d/Users/Egle/WebstormProjects/saving-app/back-end/vendor/laravel/framework/src/Illuminate/Database/Connectors/Connector.php(70): PDO->__construct()
#1 /mnt/d/Users/Egle/WebstormProjects/saving-app/back-end/vendor/laravel/framework/src/Illuminate/Database/Connectors/Connector.php(46): Illuminate\\Database\\Connectors\\Connector->createPdoConnection()
#2 /mnt/d/Users/Egle/WebstormProjects/saving-app/back-end/vendor/laravel/framework/src/Illuminate/Database/Connectors/MySqlConnector.php(24): Illuminate\\Database\\Connectors\\Connector->createConnection()
#3 /mnt/d/Users/Egle/WebstormProjects/saving-app/back-end/vendor/laravel/framework/src/Illuminate/Database/Connectors/ConnectionFactory.php(182): Illuminate\\Database\\Connectors\\MySqlConnector->connect()
#4 [internal function]: Illuminate\\Database\\Connectors\\ConnectionFactory->Illuminate\\Database\\Connectors\\{closure}()
#5 /mnt/d/Users/Egle/WebstormProjects/saving-app/back-end/vendor/laravel/framework/src/Illuminate/Database/Connection.php(924): call_user_func()
#6 /mnt/d/Users/Egle/WebstormProjects/saving-app/back-end/vendor/laravel/framework/src/Illuminate/Database/Connection.php(959): Illuminate\\Database\\Connection->getPdo()
#7 /mnt/d/Users/Egle/WebstormProjects/saving-app/back-end/vendor/laravel/framework/src/Illuminate/Database/Connection.php(404): Illuminate\\Database\\Connection->getReadPdo()
#8 /mnt/d/Users/Egle/WebstormProjects/saving-app/back-end/vendor/laravel/framework/src/Illuminate/Database/Connection.php(330): Illuminate\\Database\\Connection->getPdoForSelect()
#9 /mnt/d/Users/Egle/WebstormProjects/saving-app/back-end/vendor/laravel/framework/src/Illuminate/Database/Connection.php(662): Illuminate\\Database\\Connection->Illuminate\\Database\\{closure}()
#10 /mnt/d/Users/Egle/WebstormProjects/saving-app/back-end/vendor/laravel/framework/src/Illuminate/Database/Connection.php(629): Illuminate\\Database\\Connection->runQueryCallback()
#11 /mnt/d/Users/Egle/WebstormProjects/saving-app/back-end/vendor/laravel/framework/src/Illuminate/Database/Connection.php(338): Illuminate\\Database\\Connection->run()
#12 /mnt/d/Users/Egle/WebstormProjects/saving-app/back-end/vendor/laravel/framework/src/Illuminate/Database/Schema/MySqlBuilder.php(18): Illuminate\\Database\\Connection->select()
#13 /mnt/d/Users/Egle/WebstormProjects/saving-app/back-end/vendor/laravel/framework/src/Illuminate/Database/Migrations/DatabaseMigrationRepository.php(169): Illuminate\\Database\\Schema\\MySqlBuilder->hasTable()
#14 /mnt/d/Users/Egle/WebstormProjects/saving-app/back-end/vendor/laravel/framework/src/Illuminate/Database/Migrations/Migrator.php(590): Illuminate\\Database\\Migrations\\DatabaseMigrationRepository->repositoryExists()
#15 /mnt/d/Users/Egle/WebstormProjects/saving-app/back-end/vendor/laravel/framework/src/Illuminate/Database/Console/Migrations/MigrateCommand.php(91): Illuminate\\Database\\Migrations\\Migrator->repositoryExists()
#16 /mnt/d/Users/Egle/WebstormProjects/saving-app/back-end/vendor/laravel/framework/src/Illuminate/Database/Console/Migrations/MigrateCommand.php(63): Illuminate\\Database\\Console\\Migrations\\MigrateCommand->prepareDatabase()
#17 [internal function]: Illuminate\\Database\\Console\\Migrations\\MigrateCommand->handle()
#18 /mnt/d/Users/Egle/WebstormProjects/saving-app/back-end/vendor/laravel/framework/src/Illuminate/Container/BoundMethod.php(32): call_user_func_array()
#19 /mnt/d/Users/Egle/WebstormProjects/saving-app/back-end/vendor/laravel/framework/src/Illuminate/Container/Util.php(37): Illuminate\\Container\\BoundMethod::Illuminate\\Container\\{closure}()
#20 /mnt/d/Users/Egle/WebstormProjects/saving-app/back-end/vendor/laravel/framework/src/Illuminate/Container/BoundMethod.php(90): Illuminate\\Container\\Util::unwrapIfClosure()
#21 /mnt/d/Users/Egle/WebstormProjects/saving-app/back-end/vendor/laravel/framework/src/Illuminate/Container/BoundMethod.php(34): Illuminate\\Container\\BoundMethod::callBoundMethod()
#22 /mnt/d/Users/Egle/WebstormProjects/saving-app/back-end/vendor/laravel/framework/src/Illuminate/Container/Container.php(590): Illuminate\\Container\\BoundMethod::call()
#23 /mnt/d/Users/Egle/WebstormProjects/saving-app/back-end/vendor/laravel/framework/src/Illuminate/Console/Command.php(134): Illuminate\\Container\\Container->call()
#24 /mnt/d/Users/Egle/WebstormProjects/saving-app/back-end/vendor/symfony/console/Command/Command.php(255): Illuminate\\Console\\Command->execute()
#25 /mnt/d/Users/Egle/WebstormProjects/saving-app/back-end/vendor/laravel/framework/src/Illuminate/Console/Command.php(121): Symfony\\Component\\Console\\Command\\Command->run()
#26 /mnt/d/Users/Egle/WebstormProjects/saving-app/back-end/vendor/symfony/console/Application.php(1009): Illuminate\\Console\\Command->run()
#27 /mnt/d/Users/Egle/WebstormProjects/saving-app/back-end/vendor/symfony/console/Application.php(273): Symfony\\Component\\Console\\Application->doRunCommand()
#28 /mnt/d/Users/Egle/WebstormProjects/saving-app/back-end/vendor/symfony/console/Application.php(149): Symfony\\Component\\Console\\Application->doRun()
#29 /mnt/d/Users/Egle/WebstormProjects/saving-app/back-end/vendor/laravel/framework/src/Illuminate/Console/Application.php(93): Symfony\\Component\\Console\\Application->run()
#30 /mnt/d/Users/Egle/WebstormProjects/saving-app/back-end/vendor/laravel/framework/src/Illuminate/Foundation/Console/Kernel.php(131): Illuminate\\Console\\Application->run()
#31 /mnt/d/Users/Egle/WebstormProjects/saving-app/back-end/artisan(37): Illuminate\\Foundation\\Console\\Kernel->handle()
#32 {main}
"} 
[2020-10-24 18:18:16] local.ERROR: could not find driver (SQL: select * from information_schema.tables where table_schema = laravel and table_name = migrations and table_type = 'BASE TABLE') {"exception":"[object] (Illuminate\\Database\\QueryException(code: 0): could not find driver (SQL: select * from information_schema.tables where table_schema = laravel and table_name = migrations and table_type = 'BASE TABLE') at /mnt/d/Users/Egle/WebstormProjects/saving-app/back-end/vendor/laravel/framework/src/Illuminate/Database/Connection.php:669)
[stacktrace]
#0 /mnt/d/Users/Egle/WebstormProjects/saving-app/back-end/vendor/laravel/framework/src/Illuminate/Database/Connection.php(629): Illuminate\\Database\\Connection->runQueryCallback()
#1 /mnt/d/Users/Egle/WebstormProjects/saving-app/back-end/vendor/laravel/framework/src/Illuminate/Database/Connection.php(338): Illuminate\\Database\\Connection->run()
#2 /mnt/d/Users/Egle/WebstormProjects/saving-app/back-end/vendor/laravel/framework/src/Illuminate/Database/Schema/MySqlBuilder.php(18): Illuminate\\Database\\Connection->select()
#3 /mnt/d/Users/Egle/WebstormProjects/saving-app/back-end/vendor/laravel/framework/src/Illuminate/Database/Migrations/DatabaseMigrationRepository.php(169): Illuminate\\Database\\Schema\\MySqlBuilder->hasTable()
#4 /mnt/d/Users/Egle/WebstormProjects/saving-app/back-end/vendor/laravel/framework/src/Illuminate/Database/Migrations/Migrator.php(590): Illuminate\\Database\\Migrations\\DatabaseMigrationRepository->repositoryExists()
#5 /mnt/d/Users/Egle/WebstormProjects/saving-app/back-end/vendor/laravel/framework/src/Illuminate/Database/Console/Migrations/MigrateCommand.php(91): Illuminate\\Database\\Migrations\\Migrator->repositoryExists()
#6 /mnt/d/Users/Egle/WebstormProjects/saving-app/back-end/vendor/laravel/framework/src/Illuminate/Database/Console/Migrations/MigrateCommand.php(63): Illuminate\\Database\\Console\\Migrations\\MigrateCommand->prepareDatabase()
#7 [internal function]: Illuminate\\Database\\Console\\Migrations\\MigrateCommand->handle()
#8 /mnt/d/Users/Egle/WebstormProjects/saving-app/back-end/vendor/laravel/framework/src/Illuminate/Container/BoundMethod.php(32): call_user_func_array()
#9 /mnt/d/Users/Egle/WebstormProjects/saving-app/back-end/vendor/laravel/framework/src/Illuminate/Container/Util.php(37): Illuminate\\Container\\BoundMethod::Illuminate\\Container\\{closure}()
#10 /mnt/d/Users/Egle/WebstormProjects/saving-app/back-end/vendor/laravel/framework/src/Illuminate/Container/BoundMethod.php(90): Illuminate\\Container\\Util::unwrapIfClosure()
#11 /mnt/d/Users/Egle/WebstormProjects/saving-app/back-end/vendor/laravel/framework/src/Illuminate/Container/BoundMethod.php(34): Illuminate\\Container\\BoundMethod::callBoundMethod()
#12 /mnt/d/Users/Egle/WebstormProjects/saving-app/back-end/vendor/laravel/framework/src/Illuminate/Container/Container.php(590): Illuminate\\Container\\BoundMethod::call()
#13 /mnt/d/Users/Egle/WebstormProjects/saving-app/back-end/vendor/laravel/framework/src/Illuminate/Console/Command.php(134): Illuminate\\Container\\Container->call()
#14 /mnt/d/Users/Egle/WebstormProjects/saving-app/back-end/vendor/symfony/console/Command/Command.php(255): Illuminate\\Console\\Command->execute()
#15 /mnt/d/Users/Egle/WebstormProjects/saving-app/back-end/vendor/laravel/framework/src/Illuminate/Console/Command.php(121): Symfony\\Component\\Console\\Command\\Command->run()
#16 /mnt/d/Users/Egle/WebstormProjects/saving-app/back-end/vendor/symfony/console/Application.php(1009): Illuminate\\Console\\Command->run()
#17 /mnt/d/Users/Egle/WebstormProjects/saving-app/back-end/vendor/symfony/console/Application.php(273): Symfony\\Component\\Console\\Application->doRunCommand()
#18 /mnt/d/Users/Egle/WebstormProjects/saving-app/back-end/vendor/symfony/console/Application.php(149): Symfony\\Component\\Console\\Application->doRun()
#19 /mnt/d/Users/Egle/WebstormProjects/saving-app/back-end/vendor/laravel/framework/src/Illuminate/Console/Application.php(93): Symfony\\Component\\Console\\Application->run()
#20 /mnt/d/Users/Egle/WebstormProjects/saving-app/back-end/vendor/laravel/framework/src/Illuminate/Foundation/Console/Kernel.php(131): Illuminate\\Console\\Application->run()
#21 /mnt/d/Users/Egle/WebstormProjects/saving-app/back-end/artisan(37): Illuminate\\Foundation\\Console\\Kernel->handle()
#22 {main}

[previous exception] [object] (PDOException(code: 0): could not find driver at /mnt/d/Users/Egle/WebstormProjects/saving-app/back-end/vendor/laravel/framework/src/Illuminate/Database/Connectors/Connector.php:70)
[stacktrace]
#0 /mnt/d/Users/Egle/WebstormProjects/saving-app/back-end/vendor/laravel/framework/src/Illuminate/Database/Connectors/Connector.php(70): PDO->__construct()
#1 /mnt/d/Users/Egle/WebstormProjects/saving-app/back-end/vendor/laravel/framework/src/Illuminate/Database/Connectors/Connector.php(46): Illuminate\\Database\\Connectors\\Connector->createPdoConnection()
#2 /mnt/d/Users/Egle/WebstormProjects/saving-app/back-end/vendor/laravel/framework/src/Illuminate/Database/Connectors/MySqlConnector.php(24): Illuminate\\Database\\Connectors\\Connector->createConnection()
#3 /mnt/d/Users/Egle/WebstormProjects/saving-app/back-end/vendor/laravel/framework/src/Illuminate/Database/Connectors/ConnectionFactory.php(182): Illuminate\\Database\\Connectors\\MySqlConnector->connect()
#4 [internal function]: Illuminate\\Database\\Connectors\\ConnectionFactory->Illuminate\\Database\\Connectors\\{closure}()
#5 /mnt/d/Users/Egle/WebstormProjects/saving-app/back-end/vendor/laravel/framework/src/Illuminate/Database/Connection.php(924): call_user_func()
#6 /mnt/d/Users/Egle/WebstormProjects/saving-app/back-end/vendor/laravel/framework/src/Illuminate/Database/Connection.php(959): Illuminate\\Database\\Connection->getPdo()
#7 /mnt/d/Users/Egle/WebstormProjects/saving-app/back-end/vendor/laravel/framework/src/Illuminate/Database/Connection.php(404): Illuminate\\Database\\Connection->getReadPdo()
#8 /mnt/d/Users/Egle/WebstormProjects/saving-app/back-end/vendor/laravel/framework/src/Illuminate/Database/Connection.php(330): Illuminate\\Database\\Connection->getPdoForSelect()
#9 /mnt/d/Users/Egle/WebstormProjects/saving-app/back-end/vendor/laravel/framework/src/Illuminate/Database/Connection.php(662): Illuminate\\Database\\Connection->Illuminate\\Database\\{closure}()
#10 /mnt/d/Users/Egle/WebstormProjects/saving-app/back-end/vendor/laravel/framework/src/Illuminate/Database/Connection.php(629): Illuminate\\Database\\Connection->runQueryCallback()
#11 /mnt/d/Users/Egle/WebstormProjects/saving-app/back-end/vendor/laravel/framework/src/Illuminate/Database/Connection.php(338): Illuminate\\Database\\Connection->run()
#12 /mnt/d/Users/Egle/WebstormProjects/saving-app/back-end/vendor/laravel/framework/src/Illuminate/Database/Schema/MySqlBuilder.php(18): Illuminate\\Database\\Connection->select()
#13 /mnt/d/Users/Egle/WebstormProjects/saving-app/back-end/vendor/laravel/framework/src/Illuminate/Database/Migrations/DatabaseMigrationRepository.php(169): Illuminate\\Database\\Schema\\MySqlBuilder->hasTable()
#14 /mnt/d/Users/Egle/WebstormProjects/saving-app/back-end/vendor/laravel/framework/src/Illuminate/Database/Migrations/Migrator.php(590): Illuminate\\Database\\Migrations\\DatabaseMigrationRepository->repositoryExists()
#15 /mnt/d/Users/Egle/WebstormProjects/saving-app/back-end/vendor/laravel/framework/src/Illuminate/Database/Console/Migrations/MigrateCommand.php(91): Illuminate\\Database\\Migrations\\Migrator->repositoryExists()
#16 /mnt/d/Users/Egle/WebstormProjects/saving-app/back-end/vendor/laravel/framework/src/Illuminate/Database/Console/Migrations/MigrateCommand.php(63): Illuminate\\Database\\Console\\Migrations\\MigrateCommand->prepareDatabase()
#17 [internal function]: Illuminate\\Database\\Console\\Migrations\\MigrateCommand->handle()
#18 /mnt/d/Users/Egle/WebstormProjects/saving-app/back-end/vendor/laravel/framework/src/Illuminate/Container/BoundMethod.php(32): call_user_func_array()
#19 /mnt/d/Users/Egle/WebstormProjects/saving-app/back-end/vendor/laravel/framework/src/Illuminate/Container/Util.php(37): Illuminate\\Container\\BoundMethod::Illuminate\\Container\\{closure}()
#20 /mnt/d/Users/Egle/WebstormProjects/saving-app/back-end/vendor/laravel/framework/src/Illuminate/Container/BoundMethod.php(90): Illuminate\\Container\\Util::unwrapIfClosure()
#21 /mnt/d/Users/Egle/WebstormProjects/saving-app/back-end/vendor/laravel/framework/src/Illuminate/Container/BoundMethod.php(34): Illuminate\\Container\\BoundMethod::callBoundMethod()
#22 /mnt/d/Users/Egle/WebstormProjects/saving-app/back-end/vendor/laravel/framework/src/Illuminate/Container/Container.php(590): Illuminate\\Container\\BoundMethod::call()
#23 /mnt/d/Users/Egle/WebstormProjects/saving-app/back-end/vendor/laravel/framework/src/Illuminate/Console/Command.php(134): Illuminate\\Container\\Container->call()
#24 /mnt/d/Users/Egle/WebstormProjects/saving-app/back-end/vendor/symfony/console/Command/Command.php(255): Illuminate\\Console\\Command->execute()
#25 /mnt/d/Users/Egle/WebstormProjects/saving-app/back-end/vendor/laravel/framework/src/Illuminate/Console/Command.php(121): Symfony\\Component\\Console\\Command\\Command->run()
#26 /mnt/d/Users/Egle/WebstormProjects/saving-app/back-end/vendor/symfony/console/Application.php(1009): Illuminate\\Console\\Command->run()
#27 /mnt/d/Users/Egle/WebstormProjects/saving-app/back-end/vendor/symfony/console/Application.php(273): Symfony\\Component\\Console\\Application->doRunCommand()
#28 /mnt/d/Users/Egle/WebstormProjects/saving-app/back-end/vendor/symfony/console/Application.php(149): Symfony\\Component\\Console\\Application->doRun()
#29 /mnt/d/Users/Egle/WebstormProjects/saving-app/back-end/vendor/laravel/framework/src/Illuminate/Console/Application.php(93): Symfony\\Component\\Console\\Application->run()
#30 /mnt/d/Users/Egle/WebstormProjects/saving-app/back-end/vendor/laravel/framework/src/Illuminate/Foundation/Console/Kernel.php(131): Illuminate\\Console\\Application->run()
#31 /mnt/d/Users/Egle/WebstormProjects/saving-app/back-end/artisan(37): Illuminate\\Foundation\\Console\\Kernel->handle()
#32 {main}
"} 
[2020-10-24 18:21:02] local.ERROR: SQLSTATE[HY000] [1049] Unknown database 'laravel' (SQL: select * from information_schema.tables where table_schema = laravel and table_name = migrations and table_type = 'BASE TABLE') {"exception":"[object] (Illuminate\\Database\\QueryException(code: 1049): SQLSTATE[HY000] [1049] Unknown database 'laravel' (SQL: select * from information_schema.tables where table_schema = laravel and table_name = migrations and table_type = 'BASE TABLE') at /mnt/d/Users/Egle/WebstormProjects/saving-app/back-end/vendor/laravel/framework/src/Illuminate/Database/Connection.php:669)
[stacktrace]
#0 /mnt/d/Users/Egle/WebstormProjects/saving-app/back-end/vendor/laravel/framework/src/Illuminate/Database/Connection.php(629): Illuminate\\Database\\Connection->runQueryCallback()
#1 /mnt/d/Users/Egle/WebstormProjects/saving-app/back-end/vendor/laravel/framework/src/Illuminate/Database/Connection.php(338): Illuminate\\Database\\Connection->run()
#2 /mnt/d/Users/Egle/WebstormProjects/saving-app/back-end/vendor/laravel/framework/src/Illuminate/Database/Schema/MySqlBuilder.php(18): Illuminate\\Database\\Connection->select()
#3 /mnt/d/Users/Egle/WebstormProjects/saving-app/back-end/vendor/laravel/framework/src/Illuminate/Database/Migrations/DatabaseMigrationRepository.php(169): Illuminate\\Database\\Schema\\MySqlBuilder->hasTable()
#4 /mnt/d/Users/Egle/WebstormProjects/saving-app/back-end/vendor/laravel/framework/src/Illuminate/Database/Migrations/Migrator.php(590): Illuminate\\Database\\Migrations\\DatabaseMigrationRepository->repositoryExists()
#5 /mnt/d/Users/Egle/WebstormProjects/saving-app/back-end/vendor/laravel/framework/src/Illuminate/Database/Console/Migrations/MigrateCommand.php(91): Illuminate\\Database\\Migrations\\Migrator->repositoryExists()
#6 /mnt/d/Users/Egle/WebstormProjects/saving-app/back-end/vendor/laravel/framework/src/Illuminate/Database/Console/Migrations/MigrateCommand.php(63): Illuminate\\Database\\Console\\Migrations\\MigrateCommand->prepareDatabase()
#7 [internal function]: Illuminate\\Database\\Console\\Migrations\\MigrateCommand->handle()
#8 /mnt/d/Users/Egle/WebstormProjects/saving-app/back-end/vendor/laravel/framework/src/Illuminate/Container/BoundMethod.php(32): call_user_func_array()
#9 /mnt/d/Users/Egle/WebstormProjects/saving-app/back-end/vendor/laravel/framework/src/Illuminate/Container/Util.php(37): Illuminate\\Container\\BoundMethod::Illuminate\\Container\\{closure}()
#10 /mnt/d/Users/Egle/WebstormProjects/saving-app/back-end/vendor/laravel/framework/src/Illuminate/Container/BoundMethod.php(90): Illuminate\\Container\\Util::unwrapIfClosure()
#11 /mnt/d/Users/Egle/WebstormProjects/saving-app/back-end/vendor/laravel/framework/src/Illuminate/Container/BoundMethod.php(34): Illuminate\\Container\\BoundMethod::callBoundMethod()
#12 /mnt/d/Users/Egle/WebstormProjects/saving-app/back-end/vendor/laravel/framework/src/Illuminate/Container/Container.php(590): Illuminate\\Container\\BoundMethod::call()
#13 /mnt/d/Users/Egle/WebstormProjects/saving-app/back-end/vendor/laravel/framework/src/Illuminate/Console/Command.php(134): Illuminate\\Container\\Container->call()
#14 /mnt/d/Users/Egle/WebstormProjects/saving-app/back-end/vendor/symfony/console/Command/Command.php(255): Illuminate\\Console\\Command->execute()
#15 /mnt/d/Users/Egle/WebstormProjects/saving-app/back-end/vendor/laravel/framework/src/Illuminate/Console/Command.php(121): Symfony\\Component\\Console\\Command\\Command->run()
#16 /mnt/d/Users/Egle/WebstormProjects/saving-app/back-end/vendor/symfony/console/Application.php(1009): Illuminate\\Console\\Command->run()
#17 /mnt/d/Users/Egle/WebstormProjects/saving-app/back-end/vendor/symfony/console/Application.php(273): Symfony\\Component\\Console\\Application->doRunCommand()
#18 /mnt/d/Users/Egle/WebstormProjects/saving-app/back-end/vendor/symfony/console/Application.php(149): Symfony\\Component\\Console\\Application->doRun()
#19 /mnt/d/Users/Egle/WebstormProjects/saving-app/back-end/vendor/laravel/framework/src/Illuminate/Console/Application.php(93): Symfony\\Component\\Console\\Application->run()
#20 /mnt/d/Users/Egle/WebstormProjects/saving-app/back-end/vendor/laravel/framework/src/Illuminate/Foundation/Console/Kernel.php(131): Illuminate\\Console\\Application->run()
#21 /mnt/d/Users/Egle/WebstormProjects/saving-app/back-end/artisan(37): Illuminate\\Foundation\\Console\\Kernel->handle()
#22 {main}

[previous exception] [object] (PDOException(code: 1049): SQLSTATE[HY000] [1049] Unknown database 'laravel' at /mnt/d/Users/Egle/WebstormProjects/saving-app/back-end/vendor/laravel/framework/src/Illuminate/Database/Connectors/Connector.php:70)
[stacktrace]
#0 /mnt/d/Users/Egle/WebstormProjects/saving-app/back-end/vendor/laravel/framework/src/Illuminate/Database/Connectors/Connector.php(70): PDO->__construct()
#1 /mnt/d/Users/Egle/WebstormProjects/saving-app/back-end/vendor/laravel/framework/src/Illuminate/Database/Connectors/Connector.php(46): Illuminate\\Database\\Connectors\\Connector->createPdoConnection()
#2 /mnt/d/Users/Egle/WebstormProjects/saving-app/back-end/vendor/laravel/framework/src/Illuminate/Database/Connectors/MySqlConnector.php(24): Illuminate\\Database\\Connectors\\Connector->createConnection()
#3 /mnt/d/Users/Egle/WebstormProjects/saving-app/back-end/vendor/laravel/framework/src/Illuminate/Database/Connectors/ConnectionFactory.php(182): Illuminate\\Database\\Connectors\\MySqlConnector->connect()
#4 [internal function]: Illuminate\\Database\\Connectors\\ConnectionFactory->Illuminate\\Database\\Connectors\\{closure}()
#5 /mnt/d/Users/Egle/WebstormProjects/saving-app/back-end/vendor/laravel/framework/src/Illuminate/Database/Connection.php(924): call_user_func()
#6 /mnt/d/Users/Egle/WebstormProjects/saving-app/back-end/vendor/laravel/framework/src/Illuminate/Database/Connection.php(959): Illuminate\\Database\\Connection->getPdo()
#7 /mnt/d/Users/Egle/WebstormProjects/saving-app/back-end/vendor/laravel/framework/src/Illuminate/Database/Connection.php(404): Illuminate\\Database\\Connection->getReadPdo()
#8 /mnt/d/Users/Egle/WebstormProjects/saving-app/back-end/vendor/laravel/framework/src/Illuminate/Database/Connection.php(330): Illuminate\\Database\\Connection->getPdoForSelect()
#9 /mnt/d/Users/Egle/WebstormProjects/saving-app/back-end/vendor/laravel/framework/src/Illuminate/Database/Connection.php(662): Illuminate\\Database\\Connection->Illuminate\\Database\\{closure}()
#10 /mnt/d/Users/Egle/WebstormProjects/saving-app/back-end/vendor/laravel/framework/src/Illuminate/Database/Connection.php(629): Illuminate\\Database\\Connection->runQueryCallback()
#11 /mnt/d/Users/Egle/WebstormProjects/saving-app/back-end/vendor/laravel/framework/src/Illuminate/Database/Connection.php(338): Illuminate\\Database\\Connection->run()
#12 /mnt/d/Users/Egle/WebstormProjects/saving-app/back-end/vendor/laravel/framework/src/Illuminate/Database/Schema/MySqlBuilder.php(18): Illuminate\\Database\\Connection->select()
#13 /mnt/d/Users/Egle/WebstormProjects/saving-app/back-end/vendor/laravel/framework/src/Illuminate/Database/Migrations/DatabaseMigrationRepository.php(169): Illuminate\\Database\\Schema\\MySqlBuilder->hasTable()
#14 /mnt/d/Users/Egle/WebstormProjects/saving-app/back-end/vendor/laravel/framework/src/Illuminate/Database/Migrations/Migrator.php(590): Illuminate\\Database\\Migrations\\DatabaseMigrationRepository->repositoryExists()
#15 /mnt/d/Users/Egle/WebstormProjects/saving-app/back-end/vendor/laravel/framework/src/Illuminate/Database/Console/Migrations/MigrateCommand.php(91): Illuminate\\Database\\Migrations\\Migrator->repositoryExists()
#16 /mnt/d/Users/Egle/WebstormProjects/saving-app/back-end/vendor/laravel/framework/src/Illuminate/Database/Console/Migrations/MigrateCommand.php(63): Illuminate\\Database\\Console\\Migrations\\MigrateCommand->prepareDatabase()
#17 [internal function]: Illuminate\\Database\\Console\\Migrations\\MigrateCommand->handle()
#18 /mnt/d/Users/Egle/WebstormProjects/saving-app/back-end/vendor/laravel/framework/src/Illuminate/Container/BoundMethod.php(32): call_user_func_array()
#19 /mnt/d/Users/Egle/WebstormProjects/saving-app/back-end/vendor/laravel/framework/src/Illuminate/Container/Util.php(37): Illuminate\\Container\\BoundMethod::Illuminate\\Container\\{closure}()
#20 /mnt/d/Users/Egle/WebstormProjects/saving-app/back-end/vendor/laravel/framework/src/Illuminate/Container/BoundMethod.php(90): Illuminate\\Container\\Util::unwrapIfClosure()
#21 /mnt/d/Users/Egle/WebstormProjects/saving-app/back-end/vendor/laravel/framework/src/Illuminate/Container/BoundMethod.php(34): Illuminate\\Container\\BoundMethod::callBoundMethod()
#22 /mnt/d/Users/Egle/WebstormProjects/saving-app/back-end/vendor/laravel/framework/src/Illuminate/Container/Container.php(590): Illuminate\\Container\\BoundMethod::call()
#23 /mnt/d/Users/Egle/WebstormProjects/saving-app/back-end/vendor/laravel/framework/src/Illuminate/Console/Command.php(134): Illuminate\\Container\\Container->call()
#24 /mnt/d/Users/Egle/WebstormProjects/saving-app/back-end/vendor/symfony/console/Command/Command.php(255): Illuminate\\Console\\Command->execute()
#25 /mnt/d/Users/Egle/WebstormProjects/saving-app/back-end/vendor/laravel/framework/src/Illuminate/Console/Command.php(121): Symfony\\Component\\Console\\Command\\Command->run()
#26 /mnt/d/Users/Egle/WebstormProjects/saving-app/back-end/vendor/symfony/console/Application.php(1009): Illuminate\\Console\\Command->run()
#27 /mnt/d/Users/Egle/WebstormProjects/saving-app/back-end/vendor/symfony/console/Application.php(273): Symfony\\Component\\Console\\Application->doRunCommand()
#28 /mnt/d/Users/Egle/WebstormProjects/saving-app/back-end/vendor/symfony/console/Application.php(149): Symfony\\Component\\Console\\Application->doRun()
#29 /mnt/d/Users/Egle/WebstormProjects/saving-app/back-end/vendor/laravel/framework/src/Illuminate/Console/Application.php(93): Symfony\\Component\\Console\\Application->run()
#30 /mnt/d/Users/Egle/WebstormProjects/saving-app/back-end/vendor/laravel/framework/src/Illuminate/Foundation/Console/Kernel.php(131): Illuminate\\Console\\Application->run()
#31 /mnt/d/Users/Egle/WebstormProjects/saving-app/back-end/artisan(37): Illuminate\\Foundation\\Console\\Kernel->handle()
#32 {main}
"} 
[2020-10-24 19:05:12] local.ERROR: Command "seed" is not defined.

Did you mean one of these?
    db:seed
    make:seeder {"exception":"[object] (Symfony\\Component\\Console\\Exception\\CommandNotFoundException(code: 0): Command \"seed\" is not defined.

Did you mean one of these?
    db:seed
    make:seeder at /mnt/d/Users/Egle/WebstormProjects/saving-app/back-end/vendor/symfony/console/Application.php:676)
[stacktrace]
#0 /mnt/d/Users/Egle/WebstormProjects/saving-app/back-end/vendor/symfony/console/Application.php(237): Symfony\\Component\\Console\\Application->find()
#1 /mnt/d/Users/Egle/WebstormProjects/saving-app/back-end/vendor/symfony/console/Application.php(149): Symfony\\Component\\Console\\Application->doRun()
#2 /mnt/d/Users/Egle/WebstormProjects/saving-app/back-end/vendor/laravel/framework/src/Illuminate/Console/Application.php(93): Symfony\\Component\\Console\\Application->run()
#3 /mnt/d/Users/Egle/WebstormProjects/saving-app/back-end/vendor/laravel/framework/src/Illuminate/Foundation/Console/Kernel.php(131): Illuminate\\Console\\Application->run()
#4 /mnt/d/Users/Egle/WebstormProjects/saving-app/back-end/artisan(37): Illuminate\\Foundation\\Console\\Kernel->handle()
#5 {main}
"} 
